EDA Netlist Writer report for orga
Sun Jun 18 19:25:12 2023
Quartus II Version 9.0 Build 132 02/25/2009 SJ Web Edition


---------------------
; Table of Contents ;
---------------------
  1. Legal Notice
  2. EDA Netlist Writer Summary
  3. Simulation Settings
  4. Simulation Generated Files
  5. Timing Analysis Settings
  6. Timing Analysis Generated Files
  7. EDA Netlist Writer Messages



----------------
; Legal Notice ;
----------------
Copyright (C) 1991-2009 Altera Corporation
Your use of Altera Corporation's design tools, logic functions 
and other software and tools, and its AMPP partner logic 
functions, and any output files from any of the foregoing 
(including device programming or simulation files), and any 
associated documentation or information are expressly subject 
to the terms and conditions of the Altera Program License 
Subscription Agreement, Altera MegaCore Function License 
Agreement, or other applicable license agreement, including, 
without limitation, that your use is for the sole purpose of 
programming logic devices manufactured by Altera and sold by 
Altera or its authorized distributors.  Please refer to the 
applicable agreement for further details.



+------------------------------------------------------------------------+
; EDA Netlist Writer Summary                                             ;
+--------------------------------+---------------------------------------+
; EDA Netlist Writer Status      ; Successful - Sun Jun 18 19:25:12 2023 ;
; Revision Name                  ; orga                                  ;
; Top-level Entity Name          ; CPU                                   ;
; Family                         ; Cyclone II                            ;
; Simulation Files Creation      ; Successful                            ;
; Timing Analysis Files Creation ; Successful                            ;
+--------------------------------+---------------------------------------+


+--------------------------------------------------------------------------------------------------------------------------+
; Simulation Settings                                                                                                      ;
+---------------------------------------------------------------------------------------------------+----------------------+
; Option                                                                                            ; Setting              ;
+---------------------------------------------------------------------------------------------------+----------------------+
; Tool Name                                                                                         ; Active-HDL (Verilog) ;
; Generate netlist for functional simulation only                                                   ; Off                  ;
; Time scale                                                                                        ; 1 ps                 ;
; Truncate long hierarchy paths                                                                     ; Off                  ;
; Map illegal HDL characters                                                                        ; Off                  ;
; Flatten buses into individual nodes                                                               ; Off                  ;
; Maintain hierarchy                                                                                ; Off                  ;
; Bring out device-wide set/reset signals as ports                                                  ; Off                  ;
; Enable glitch filtering                                                                           ; Off                  ;
; Do not write top level VHDL entity                                                                ; Off                  ;
; Disable detection of setup and hold time violations in the input registers of bi-directional pins ; Off                  ;
; Architecture name in VHDL output netlist                                                          ; structure            ;
; Generate third-party EDA tool command script for RTL functional simulation                        ; Off                  ;
; Generate third-party EDA tool command script for gate-level simulation                            ; Off                  ;
+---------------------------------------------------------------------------------------------------+----------------------+


+----------------------------------------------------------------+
; Simulation Generated Files                                     ;
+----------------------------------------------------------------+
; Generated Files                                                ;
+----------------------------------------------------------------+
; C:/Users/Hp/Desktop/New folder/simulation/activehdl/orga.vo    ;
; C:/Users/Hp/Desktop/New folder/simulation/activehdl/orga_v.sdo ;
+----------------------------------------------------------------+


+-----------------------------------------------------------+
; Timing Analysis Settings                                  ;
+-------------------------------------+---------------------+
; Option                              ; Setting             ;
+-------------------------------------+---------------------+
; Tool Name                           ; PrimeTime (Verilog) ;
; Time scale                          ; 1 ps                ;
; Truncate long hierarchy paths       ; Off                 ;
; Map illegal HDL characters          ; Off                 ;
; Flatten buses into individual nodes ; Off                 ;
+-------------------------------------+---------------------+


+---------------------------------------------------------------+
; Timing Analysis Generated Files                               ;
+---------------------------------------------------------------+
; Generated Files                                               ;
+---------------------------------------------------------------+
; C:/Users/Hp/Desktop/New folder/timing/primetime/orga.vo       ;
; C:/Users/Hp/Desktop/New folder/timing/primetime/orga_v.sdo    ;
; C:/Users/Hp/Desktop/New folder/timing/primetime/orga_pt_v.tcl ;
+---------------------------------------------------------------+


+-----------------------------+
; EDA Netlist Writer Messages ;
+-----------------------------+
Info: *******************************************************************
Info: Running Quartus II EDA Netlist Writer
    Info: Version 9.0 Build 132 02/25/2009 SJ Web Edition
    Info: Processing started: Sun Jun 18 19:25:11 2023
Info: Command: quartus_eda --read_settings_files=off --write_settings_files=off orga -c orga
Info: Generated files "orga.vo" and "orga_v.sdo" in directory "C:/Users/Hp/Desktop/New folder/simulation/activehdl/" for EDA simulation tool
Info: Generated files "orga.vo" and "orga_v.sdo" in directory "C:/Users/Hp/Desktop/New folder/timing/primetime/" for EDA timing analysis tool
Warning: Expected ENABLE_CLOCK_LATENCY to be set to ON but is set to OFF
Info: Generated PrimeTime Tcl script file C:/Users/Hp/Desktop/New folder/timing/primetime/orga_pt_v.tcl
Info: Quartus II EDA Netlist Writer was successful. 0 errors, 1 warning
    Info: Peak virtual memory: 176 megabytes
    Info: Processing ended: Sun Jun 18 19:25:12 2023
    Info: Elapsed time: 00:00:01
    Info: Total CPU time (on all processors): 00:00:01


